0 info it worked if it ends with ok
1 verbose cli [ '/usr/bin/nodejs', '/usr/bin/npm', 'install' ]
2 info using npm@1.4.21
3 info using node@v4.8.2
4 verbose readDependencies using package.json deps
5 verbose install where, deps [ '/home/wojtek0711/Pulpit/Electron/simple-samples/activity-monitor',
5 verbose install   [ 'electron' ] ]
6 info preinstall activity-monitor@1.0.0
7 verbose readDependencies using package.json deps
8 verbose cache add [ 'electron@^1.4.12', null ]
9 verbose cache add name=undefined spec="electron@^1.4.12" args=["electron@^1.4.12",null]
10 verbose parsed url Url {
10 verbose parsed url   protocol: null,
10 verbose parsed url   slashes: null,
10 verbose parsed url   auth: null,
10 verbose parsed url   host: null,
10 verbose parsed url   port: null,
10 verbose parsed url   hostname: null,
10 verbose parsed url   hash: null,
10 verbose parsed url   search: null,
10 verbose parsed url   query: null,
10 verbose parsed url   pathname: 'electron@%5E1.4.12',
10 verbose parsed url   path: 'electron@%5E1.4.12',
10 verbose parsed url   href: 'electron@%5E1.4.12' }
11 verbose cache add name="electron" spec="^1.4.12" args=["electron","^1.4.12"]
12 verbose parsed url Url {
12 verbose parsed url   protocol: null,
12 verbose parsed url   slashes: null,
12 verbose parsed url   auth: null,
12 verbose parsed url   host: null,
12 verbose parsed url   port: null,
12 verbose parsed url   hostname: null,
12 verbose parsed url   hash: null,
12 verbose parsed url   search: null,
12 verbose parsed url   query: null,
12 verbose parsed url   pathname: '%5E1.4.12',
12 verbose parsed url   path: '%5E1.4.12',
12 verbose parsed url   href: '%5E1.4.12' }
13 verbose addNamed [ 'electron', '^1.4.12' ]
14 verbose addNamed [ null, '>=1.4.12 <2.0.0' ]
15 silly lockFile da48b55d-electron-1-4-12 electron@^1.4.12
16 verbose lock electron@^1.4.12 /root/.npm/da48b55d-electron-1-4-12.lock
17 silly addNameRange { name: 'electron', range: '>=1.4.12 <2.0.0', hasData: false }
18 verbose request where is /electron
19 verbose request registry https://registry.npmjs.org/
20 verbose request id b504a654609ac51f
21 verbose url raw /electron
22 verbose url resolving [ 'https://registry.npmjs.org/', './electron' ]
23 verbose url resolved https://registry.npmjs.org/electron
24 verbose request where is https://registry.npmjs.org/electron
25 info trying registry request attempt 1 at 22:43:16
26 verbose etag "5a3dfccc-21575"
27 http GET https://registry.npmjs.org/electron
28 http 304 https://registry.npmjs.org/electron
29 silly registry.get cb [ 304,
29 silly registry.get   { date: 'Sat, 30 Dec 2017 21:43:16 GMT',
29 silly registry.get     via: '1.1 varnish',
29 silly registry.get     'cache-control': 'max-age=300',
29 silly registry.get     etag: '"5a3dfccc-21575"',
29 silly registry.get     age: '2412',
29 silly registry.get     connection: 'close',
29 silly registry.get     'x-served-by': 'cache-hhn1524-HHN',
29 silly registry.get     'x-cache': 'HIT',
29 silly registry.get     'x-cache-hits': '2',
29 silly registry.get     'x-timer': 'S1514670197.960551,VS0,VE0',
29 silly registry.get     vary: 'Accept-Encoding, Accept' } ]
30 verbose etag https://registry.npmjs.org/electron from cache
31 silly addNameRange number 2 { name: 'electron', range: '>=1.4.12 <2.0.0', hasData: true }
32 silly addNameRange versions [ 'electron',
32 silly addNameRange   [ '0.1.0',
32 silly addNameRange     '0.1.1',
32 silly addNameRange     '0.1.2',
32 silly addNameRange     '0.2.0',
32 silly addNameRange     '0.2.1',
32 silly addNameRange     '0.3.0',
32 silly addNameRange     '0.4.0',
32 silly addNameRange     '0.4.1',
32 silly addNameRange     '1.3.1',
32 silly addNameRange     '1.3.2',
32 silly addNameRange     '1.3.3',
32 silly addNameRange     '1.3.4',
32 silly addNameRange     '1.3.5',
32 silly addNameRange     '1.3.6',
32 silly addNameRange     '1.4.0',
32 silly addNameRange     '1.4.1',
32 silly addNameRange     '1.3.7',
32 silly addNameRange     '1.4.2',
32 silly addNameRange     '1.4.3',
32 silly addNameRange     '1.4.4',
32 silly addNameRange     '1.3.8',
32 silly addNameRange     '1.4.5',
32 silly addNameRange     '1.4.6',
32 silly addNameRange     '1.4.7',
32 silly addNameRange     '1.3.9',
32 silly addNameRange     '1.3.10',
32 silly addNameRange     '1.4.8',
32 silly addNameRange     '1.3.12',
32 silly addNameRange     '1.4.10',
32 silly addNameRange     '1.3.13',
32 silly addNameRange     '1.4.11',
32 silly addNameRange     '1.4.12',
32 silly addNameRange     '1.4.13',
32 silly addNameRange     '1.4.14',
32 silly addNameRange     '1.4.15',
32 silly addNameRange     '1.5.0',
32 silly addNameRange     '1.5.1',
32 silly addNameRange     '1.6.0',
32 silly addNameRange     '1.6.1',
32 silly addNameRange     '1.6.2',
32 silly addNameRange     '1.6.3',
32 silly addNameRange     '1.3.14',
32 silly addNameRange     '1.6.4',
32 silly addNameRange     '1.6.5',
32 silly addNameRange     '1.4.16',
32 silly addNameRange     '1.6.6',
32 silly addNameRange     '1.6.7',
32 silly addNameRange     '1.3.15',
32 silly addNameRange     '1.6.8',
32 silly addNameRange     '1.6.9',
32 silly addNameRange     '1.7.0',
32 silly addNameRange     '1.6.10',
32 silly addNameRange     '1.7.1',
32 silly addNameRange     '1.6.11',
32 silly addNameRange     '1.7.2',
32 silly addNameRange     '1.7.3',
32 silly addNameRange     '1.7.4',
32 silly addNameRange     '1.7.5',
32 silly addNameRange     '1.6.12',
32 silly addNameRange     '1.7.6',
32 silly addNameRange     '1.7.7',
32 silly addNameRange     '1.6.13',
32 silly addNameRange     '1.7.8',
32 silly addNameRange     '1.6.14',
32 silly addNameRange     '1.8.1',
32 silly addNameRange     '1.7.9',
32 silly addNameRange     '1.6.15',
32 silly addNameRange     '1.8.2-beta.1',
32 silly addNameRange     '1.8.2-beta.2',
32 silly addNameRange     '1.8.2-beta.3',
32 silly addNameRange     '1.7.10' ] ]
33 verbose addNamed [ 'electron', '1.7.10' ]
34 verbose addNamed [ '1.7.10', '1.7.10' ]
35 silly lockFile 75bed751-electron-1-7-10 electron@1.7.10
36 verbose lock electron@1.7.10 /root/.npm/75bed751-electron-1-7-10.lock
37 silly lockFile 75bed751-electron-1-7-10 electron@1.7.10
38 silly lockFile 75bed751-electron-1-7-10 electron@1.7.10
39 silly lockFile da48b55d-electron-1-4-12 electron@^1.4.12
40 silly lockFile da48b55d-electron-1-4-12 electron@^1.4.12
41 silly resolved [ { scripts:
41 silly resolved      { 'cache-clean': 'rm -rf ~/.electron && rm -rf dist',
41 silly resolved        postinstall: 'node install.js',
41 silly resolved        pretest: 'npm run cache-clean',
41 silly resolved        test: 'standard' },
41 silly resolved     bin: { electron: 'cli.js' },
41 silly resolved     main: 'index.js',
41 silly resolved     types: 'electron.d.ts',
41 silly resolved     dependencies:
41 silly resolved      { '@types/node': '^7.0.18',
41 silly resolved        'electron-download': '^3.0.1',
41 silly resolved        'extract-zip': '^1.0.3' },
41 silly resolved     devDependencies:
41 silly resolved      { 'home-path': '^0.1.1',
41 silly resolved        'path-exists': '^2.0.0',
41 silly resolved        standard: '^5.4.1' },
41 silly resolved     directories: { test: 'test' },
41 silly resolved     name: 'electron',
41 silly resolved     version: '1.7.10',
41 silly resolved     repository:
41 silly resolved      { type: 'git',
41 silly resolved        url: 'git+https://github.com/electron/electron.git' },
41 silly resolved     description: 'Build cross platform desktop apps with JavaScript, HTML, and CSS',
41 silly resolved     license: 'MIT',
41 silly resolved     author: { name: 'Electron Community' },
41 silly resolved     keywords: [ 'electron' ],
41 silly resolved     bugs: { url: 'https://github.com/electron/electron/issues' },
41 silly resolved     homepage: 'https://github.com/electron/electron#readme',
41 silly resolved     _id: 'electron@1.7.10',
41 silly resolved     _shasum: '3a3e83d965fd7fafe473be8ddf8f472561b6253d',
41 silly resolved     _resolved: 'https://registry.npmjs.org/electron/-/electron-1.7.10.tgz',
41 silly resolved     _from: 'electron@^1.4.12',
41 silly resolved     _npmVersion: '3.10.10',
41 silly resolved     _nodeVersion: '6.11.0',
41 silly resolved     _npmUser: { name: 'electron', email: 'electron@github.com' },
41 silly resolved     dist:
41 silly resolved      { shasum: '3a3e83d965fd7fafe473be8ddf8f472561b6253d',
41 silly resolved        tarball: 'https://registry.npmjs.org/electron/-/electron-1.7.10.tgz' },
41 silly resolved     maintainers: [ [Object], [Object] ],
41 silly resolved     _npmOperationalInternal:
41 silly resolved      { host: 's3://npm-registry-packages',
41 silly resolved        tmp: 'tmp/electron-1.7.10.tgz_1513629856309_0.30796962161548436' },
41 silly resolved     readme: 'ERROR: No README data found!' } ]
42 info install electron@1.7.10 into /home/wojtek0711/Pulpit/Electron/simple-samples/activity-monitor
43 info installOne electron@1.7.10
44 verbose node_modules/electron unbuild
45 verbose tar unpack /root/.npm/electron/1.7.10/package.tgz
46 silly lockFile be8e2ad5-ty-monitor-node-modules-electron tar:///home/wojtek0711/Pulpit/Electron/simple-samples/activity-monitor/node_modules/electron
47 verbose lock tar:///home/wojtek0711/Pulpit/Electron/simple-samples/activity-monitor/node_modules/electron /root/.npm/be8e2ad5-ty-monitor-node-modules-electron.lock
48 silly lockFile 084c9c89--npm-electron-1-7-10-package-tgz tar:///root/.npm/electron/1.7.10/package.tgz
49 verbose lock tar:///root/.npm/electron/1.7.10/package.tgz /root/.npm/084c9c89--npm-electron-1-7-10-package-tgz.lock
50 silly gunzTarPerm modes [ '755', '644' ]
51 silly gunzTarPerm extractEntry package.json
52 silly gunzTarPerm extractEntry README.md
53 silly gunzTarPerm extractEntry cli.js
54 silly gunzTarPerm extractEntry index.js
55 silly gunzTarPerm extractEntry install.js
56 silly gunzTarPerm extractEntry electron.d.ts
57 silly lockFile be8e2ad5-ty-monitor-node-modules-electron tar:///home/wojtek0711/Pulpit/Electron/simple-samples/activity-monitor/node_modules/electron
58 silly lockFile be8e2ad5-ty-monitor-node-modules-electron tar:///home/wojtek0711/Pulpit/Electron/simple-samples/activity-monitor/node_modules/electron
59 silly lockFile 084c9c89--npm-electron-1-7-10-package-tgz tar:///root/.npm/electron/1.7.10/package.tgz
60 silly lockFile 084c9c89--npm-electron-1-7-10-package-tgz tar:///root/.npm/electron/1.7.10/package.tgz
61 info preinstall electron@1.7.10
62 verbose readDependencies using package.json deps
63 verbose readDependencies using package.json deps
64 verbose cache add [ '@types/node@^7.0.18', null ]
65 verbose cache add name=undefined spec="@types/node@^7.0.18" args=["@types/node@^7.0.18",null]
66 verbose parsed url Url {
66 verbose parsed url   protocol: null,
66 verbose parsed url   slashes: null,
66 verbose parsed url   auth: null,
66 verbose parsed url   host: null,
66 verbose parsed url   port: null,
66 verbose parsed url   hostname: null,
66 verbose parsed url   hash: null,
66 verbose parsed url   search: null,
66 verbose parsed url   query: null,
66 verbose parsed url   pathname: '@types/node@%5E7.0.18',
66 verbose parsed url   path: '@types/node@%5E7.0.18',
66 verbose parsed url   href: '@types/node@%5E7.0.18' }
67 verbose cache add [ 'electron-download@^3.0.1', null ]
68 verbose cache add name=undefined spec="electron-download@^3.0.1" args=["electron-download@^3.0.1",null]
69 verbose parsed url Url {
69 verbose parsed url   protocol: null,
69 verbose parsed url   slashes: null,
69 verbose parsed url   auth: null,
69 verbose parsed url   host: null,
69 verbose parsed url   port: null,
69 verbose parsed url   hostname: null,
69 verbose parsed url   hash: null,
69 verbose parsed url   search: null,
69 verbose parsed url   query: null,
69 verbose parsed url   pathname: 'electron-download@%5E3.0.1',
69 verbose parsed url   path: 'electron-download@%5E3.0.1',
69 verbose parsed url   href: 'electron-download@%5E3.0.1' }
70 verbose cache add [ 'extract-zip@^1.0.3', null ]
71 verbose cache add name=undefined spec="extract-zip@^1.0.3" args=["extract-zip@^1.0.3",null]
72 verbose parsed url Url {
72 verbose parsed url   protocol: null,
72 verbose parsed url   slashes: null,
72 verbose parsed url   auth: null,
72 verbose parsed url   host: null,
72 verbose parsed url   port: null,
72 verbose parsed url   hostname: null,
72 verbose parsed url   hash: null,
72 verbose parsed url   search: null,
72 verbose parsed url   query: null,
72 verbose parsed url   pathname: 'extract-zip@%5E1.0.3',
72 verbose parsed url   path: 'extract-zip@%5E1.0.3',
72 verbose parsed url   href: 'extract-zip@%5E1.0.3' }
73 verbose cache add name="" spec="types/node@^7.0.18" args=["","types/node@^7.0.18"]
74 verbose parsed url Url {
74 verbose parsed url   protocol: null,
74 verbose parsed url   slashes: null,
74 verbose parsed url   auth: null,
74 verbose parsed url   host: null,
74 verbose parsed url   port: null,
74 verbose parsed url   hostname: null,
74 verbose parsed url   hash: null,
74 verbose parsed url   search: null,
74 verbose parsed url   query: null,
74 verbose parsed url   pathname: 'types/node@%5E7.0.18',
74 verbose parsed url   path: 'types/node@%5E7.0.18',
74 verbose parsed url   href: 'types/node@%5E7.0.18' }
75 verbose cache add name="electron-download" spec="^3.0.1" args=["electron-download","^3.0.1"]
76 verbose parsed url Url {
76 verbose parsed url   protocol: null,
76 verbose parsed url   slashes: null,
76 verbose parsed url   auth: null,
76 verbose parsed url   host: null,
76 verbose parsed url   port: null,
76 verbose parsed url   hostname: null,
76 verbose parsed url   hash: null,
76 verbose parsed url   search: null,
76 verbose parsed url   query: null,
76 verbose parsed url   pathname: '%5E3.0.1',
76 verbose parsed url   path: '%5E3.0.1',
76 verbose parsed url   href: '%5E3.0.1' }
77 verbose addNamed [ 'electron-download', '^3.0.1' ]
78 verbose addNamed [ null, '>=3.0.1 <4.0.0' ]
79 silly lockFile 8d1cab67-electron-download-3-0-1 electron-download@^3.0.1
80 verbose lock electron-download@^3.0.1 /root/.npm/8d1cab67-electron-download-3-0-1.lock
81 verbose cache add name="extract-zip" spec="^1.0.3" args=["extract-zip","^1.0.3"]
82 verbose parsed url Url {
82 verbose parsed url   protocol: null,
82 verbose parsed url   slashes: null,
82 verbose parsed url   auth: null,
82 verbose parsed url   host: null,
82 verbose parsed url   port: null,
82 verbose parsed url   hostname: null,
82 verbose parsed url   hash: null,
82 verbose parsed url   search: null,
82 verbose parsed url   query: null,
82 verbose parsed url   pathname: '%5E1.0.3',
82 verbose parsed url   path: '%5E1.0.3',
82 verbose parsed url   href: '%5E1.0.3' }
83 verbose addNamed [ 'extract-zip', '^1.0.3' ]
84 verbose addNamed [ null, '>=1.0.3 <2.0.0' ]
85 silly lockFile 9879f4ae-extract-zip-1-0-3 extract-zip@^1.0.3
86 verbose lock extract-zip@^1.0.3 /root/.npm/9879f4ae-extract-zip-1-0-3.lock
87 verbose cache add name="types/node" spec="^7.0.18" args=["types/node","^7.0.18"]
88 verbose parsed url Url {
88 verbose parsed url   protocol: null,
88 verbose parsed url   slashes: null,
88 verbose parsed url   auth: null,
88 verbose parsed url   host: null,
88 verbose parsed url   port: null,
88 verbose parsed url   hostname: null,
88 verbose parsed url   hash: null,
88 verbose parsed url   search: null,
88 verbose parsed url   query: null,
88 verbose parsed url   pathname: '%5E7.0.18',
88 verbose parsed url   path: '%5E7.0.18',
88 verbose parsed url   href: '%5E7.0.18' }
89 verbose addNamed [ 'types/node', '^7.0.18' ]
90 verbose addNamed [ null, '>=7.0.18 <8.0.0' ]
91 silly lockFile 2ebc17da-types-node-7-0-18 types/node@^7.0.18
92 verbose lock types/node@^7.0.18 /root/.npm/2ebc17da-types-node-7-0-18.lock
93 silly addNameRange { name: 'electron-download',
93 silly addNameRange   range: '>=3.0.1 <4.0.0',
93 silly addNameRange   hasData: false }
94 silly addNameRange { name: 'extract-zip', range: '>=1.0.3 <2.0.0', hasData: false }
95 silly addNameRange { name: 'types/node', range: '>=7.0.18 <8.0.0', hasData: false }
96 verbose request where is /electron-download
97 verbose request registry https://registry.npmjs.org/
98 verbose url raw /electron-download
99 verbose url resolving [ 'https://registry.npmjs.org/', './electron-download' ]
100 verbose url resolved https://registry.npmjs.org/electron-download
101 verbose request where is https://registry.npmjs.org/electron-download
102 info trying registry request attempt 1 at 22:43:17
103 verbose etag "5a1cc20c-c0eb"
104 http GET https://registry.npmjs.org/electron-download
105 verbose request where is /extract-zip
106 verbose request registry https://registry.npmjs.org/
107 verbose url raw /extract-zip
108 verbose url resolving [ 'https://registry.npmjs.org/', './extract-zip' ]
109 verbose url resolved https://registry.npmjs.org/extract-zip
110 verbose request where is https://registry.npmjs.org/extract-zip
111 info trying registry request attempt 1 at 22:43:17
112 verbose etag "5a09c926-6927"
113 http GET https://registry.npmjs.org/extract-zip
114 verbose request where is /types/node
115 verbose request registry https://registry.npmjs.org/
116 verbose url raw /types/node
117 verbose url resolving [ 'https://registry.npmjs.org/', './types/node' ]
118 verbose url resolved https://registry.npmjs.org/types/node
119 verbose request where is https://registry.npmjs.org/types/node
120 info trying registry request attempt 1 at 22:43:17
121 http GET https://registry.npmjs.org/types/node
122 http 304 https://registry.npmjs.org/extract-zip
123 silly registry.get cb [ 304,
123 silly registry.get   { date: 'Sat, 30 Dec 2017 21:43:17 GMT',
123 silly registry.get     via: '1.1 varnish',
123 silly registry.get     'cache-control': 'max-age=300',
123 silly registry.get     etag: '"5a09c926-6927"',
123 silly registry.get     age: '12643',
123 silly registry.get     connection: 'close',
123 silly registry.get     'x-served-by': 'cache-hhn1532-HHN',
123 silly registry.get     'x-cache': 'HIT',
123 silly registry.get     'x-cache-hits': '45',
123 silly registry.get     'x-timer': 'S1514670197.225233,VS0,VE0',
123 silly registry.get     vary: 'Accept-Encoding, Accept' } ]
124 verbose etag https://registry.npmjs.org/extract-zip from cache
125 http 304 https://registry.npmjs.org/electron-download
126 silly registry.get cb [ 304,
126 silly registry.get   { date: 'Sat, 30 Dec 2017 21:43:17 GMT',
126 silly registry.get     via: '1.1 varnish',
126 silly registry.get     'cache-control': 'max-age=300',
126 silly registry.get     etag: '"5a1cc20c-c0eb"',
126 silly registry.get     age: '1060',
126 silly registry.get     connection: 'close',
126 silly registry.get     'x-served-by': 'cache-hhn1543-HHN',
126 silly registry.get     'x-cache': 'HIT',
126 silly registry.get     'x-cache-hits': '1',
126 silly registry.get     'x-timer': 'S1514670197.225427,VS0,VE1',
126 silly registry.get     vary: 'Accept-Encoding, Accept' } ]
127 verbose etag https://registry.npmjs.org/electron-download from cache
128 silly addNameRange number 2 { name: 'extract-zip', range: '>=1.0.3 <2.0.0', hasData: true }
129 silly addNameRange versions [ 'extract-zip',
129 silly addNameRange   [ '1.0.0',
129 silly addNameRange     '1.0.1',
129 silly addNameRange     '1.0.2',
129 silly addNameRange     '1.0.3',
129 silly addNameRange     '1.1.0',
129 silly addNameRange     '1.1.1',
129 silly addNameRange     '1.1.2',
129 silly addNameRange     '1.2.0',
129 silly addNameRange     '1.3.0',
129 silly addNameRange     '1.4.0',
129 silly addNameRange     '1.4.1',
129 silly addNameRange     '1.5.0',
129 silly addNameRange     '1.6.0',
129 silly addNameRange     '1.6.1',
129 silly addNameRange     '1.6.2',
129 silly addNameRange     '1.6.3',
129 silly addNameRange     '1.6.4',
129 silly addNameRange     '1.6.5',
129 silly addNameRange     '1.6.6' ] ]
130 verbose addNamed [ 'extract-zip', '1.6.6' ]
131 verbose addNamed [ '1.6.6', '1.6.6' ]
132 silly lockFile 93baf6d1-extract-zip-1-6-6 extract-zip@1.6.6
133 verbose lock extract-zip@1.6.6 /root/.npm/93baf6d1-extract-zip-1-6-6.lock
134 silly addNameRange number 2 { name: 'electron-download',
134 silly addNameRange   range: '>=3.0.1 <4.0.0',
134 silly addNameRange   hasData: true }
135 silly addNameRange versions [ 'electron-download',
135 silly addNameRange   [ '1.0.0',
135 silly addNameRange     '1.0.1',
135 silly addNameRange     '1.0.2',
135 silly addNameRange     '1.0.3',
135 silly addNameRange     '1.0.4',
135 silly addNameRange     '1.0.5',
135 silly addNameRange     '1.0.6',
135 silly addNameRange     '1.0.7',
135 silly addNameRange     '1.0.8',
135 silly addNameRange     '1.1.0',
135 silly addNameRange     '1.2.0',
135 silly addNameRange     '1.3.0',
135 silly addNameRange     '1.4.0',
135 silly addNameRange     '1.4.1',
135 silly addNameRange     '2.0.0',
135 silly addNameRange     '2.1.0',
135 silly addNameRange     '2.1.1',
135 silly addNameRange     '2.1.2',
135 silly addNameRange     '2.2.0',
135 silly addNameRange     '2.2.1',
135 silly addNameRange     '3.0.0',
135 silly addNameRange     '3.0.1',
135 silly addNameRange     '3.0.2',
135 silly addNameRange     '3.1.0',
135 silly addNameRange     '3.2.0',
135 silly addNameRange     '3.3.0',
135 silly addNameRange     '4.0.0',
135 silly addNameRange     '4.1.0' ] ]
136 verbose addNamed [ 'electron-download', '3.3.0' ]
137 verbose addNamed [ '3.3.0', '3.3.0' ]
138 silly lockFile 176a5c80-electron-download-3-3-0 electron-download@3.3.0
139 verbose lock electron-download@3.3.0 /root/.npm/176a5c80-electron-download-3-3-0.lock
140 silly lockFile 93baf6d1-extract-zip-1-6-6 extract-zip@1.6.6
141 silly lockFile 93baf6d1-extract-zip-1-6-6 extract-zip@1.6.6
142 silly lockFile 9879f4ae-extract-zip-1-0-3 extract-zip@^1.0.3
143 silly lockFile 9879f4ae-extract-zip-1-0-3 extract-zip@^1.0.3
144 silly lockFile 176a5c80-electron-download-3-3-0 electron-download@3.3.0
145 silly lockFile 176a5c80-electron-download-3-3-0 electron-download@3.3.0
146 silly lockFile 8d1cab67-electron-download-3-0-1 electron-download@^3.0.1
147 silly lockFile 8d1cab67-electron-download-3-0-1 electron-download@^3.0.1
148 http 404 https://registry.npmjs.org/types/node
149 silly registry.get cb [ 404,
149 silly registry.get   { 'content-type': 'application/json',
149 silly registry.get     'cache-control': 'max-age=0',
149 silly registry.get     'content-length': '2',
149 silly registry.get     'accept-ranges': 'bytes',
149 silly registry.get     date: 'Sat, 30 Dec 2017 21:43:18 GMT',
149 silly registry.get     via: '1.1 varnish',
149 silly registry.get     age: '0',
149 silly registry.get     connection: 'close',
149 silly registry.get     'x-served-by': 'cache-hhn1541-HHN',
149 silly registry.get     'x-cache': 'MISS',
149 silly registry.get     'x-cache-hits': '0',
149 silly registry.get     'x-timer': 'S1514670197.226051,VS0,VE787',
149 silly registry.get     vary: 'Accept-Encoding' } ]
150 silly lockFile 2ebc17da-types-node-7-0-18 types/node@^7.0.18
151 silly lockFile 2ebc17da-types-node-7-0-18 types/node@^7.0.18
152 verbose about to build /home/wojtek0711/Pulpit/Electron/simple-samples/activity-monitor/node_modules/electron
153 verbose node_modules/electron unbuild
154 info preuninstall electron@1.7.10
155 info uninstall electron@1.7.10
156 verbose true,/home/wojtek0711/Pulpit/Electron/simple-samples/activity-monitor/node_modules,/home/wojtek0711/Pulpit/Electron/simple-samples/activity-monitor/node_modules unbuild electron@1.7.10
157 verbose /home/wojtek0711/Pulpit/Electron/simple-samples/activity-monitor/node_modules/.bin,[object Object] binRoot
158 info postuninstall electron@1.7.10
159 error 404 Not Found
159 error 404
159 error 404 'types/node' is not in the npm registry.
159 error 404 You should bug the author to publish it
159 error 404 It was specified as a dependency of 'electron'
159 error 404
159 error 404 Note that you can also install from a
159 error 404 tarball, folder, or http url, or git url.
160 error System Linux 4.9.0-3-amd64
161 error command "/usr/bin/nodejs" "/usr/bin/npm" "install"
162 error cwd /home/wojtek0711/Pulpit/Electron/simple-samples/activity-monitor
163 error node -v v4.8.2
164 error npm -v 1.4.21
165 error code E404
166 verbose exit [ 1, true ]
